2025-05-01 23:42:54.015 [main] DEBUG io.ktor.server.Application - Java Home: /Library/Java/JavaVirtualMachines/jdk-21.jdk/Contents
2025-05-01 23:42:54.016 [main] DEBUG io.ktor.server.Application - Class Loader: jdk.internal.loader.ClassLoaders$AppClassLoader@2c854dc5: [file:/Volumes/DISK%20(E)/My_Work/KMM/KobWeb/BlogMultiplatform/site/.kobweb/server/server.jar!/okio]
2025-05-01 23:42:54.017 [main] INFO  io.ktor.server.Application - No ktor.deployment.watch patterns match classpath entries, automatic reload is not active
2025-05-01 23:42:54.041 [main] INFO  io.ktor.server.Application - API jar found and will be loaded: "build/libs/blogmultiplatform.jar"
2025-05-01 23:42:54.374 [main] INFO  io.ktor.server.Application - Loaded and initialized server API jar in 299ms.
2025-05-01 23:42:54.391 [main] INFO  io.ktor.server.Application - Initializing Kobweb streams.
2025-05-01 23:42:54.420 [main] INFO  io.ktor.server.Application - CORS: No hosts registered.
2025-05-01 23:42:54.426 [main] INFO  io.ktor.server.Application - Application started in 0.518 seconds.
2025-05-01 23:42:54.504 [main] INFO  io.ktor.server.Application - Responding at http://0.0.0.0:8080
2025-05-01 23:43:33.297 [eventLoopGroupProxy-4-1] DEBUG io.ktor.server.Application - Served fallback index.html file in response to "/"
2025-05-01 23:43:34.507 [DefaultDispatcher-worker-5] DEBUG io.ktor.server.Application - Client connected and is requesting kobweb status events.
2025-05-01 23:55:50.518 [eventLoopGroupProxy-4-5] DEBUG io.ktor.server.Application - Served fallback index.html file in response to "/"
2025-05-01 23:55:51.211 [DefaultDispatcher-worker-5] DEBUG io.ktor.server.Application - Client connected and is requesting kobweb status events.
2025-05-01 23:55:51.440 [eventLoopGroupProxy-4-8] DEBUG io.ktor.server.Application - Served fallback index.html file in response to "/admin/create"
2025-05-01 23:55:51.717 [eventLoopGroupProxy-4-7] ERROR io.ktor.server.Application - io.ktor.utils.io.ClosedByteChannelException: Cannot write to channel
	at io.ktor.utils.io.CloseToken$wrapCause$1.invoke(CloseToken.kt:16)
	at io.ktor.utils.io.CloseToken$wrapCause$1.invoke(CloseToken.kt:16)
	at io.ktor.utils.io.CloseToken.wrapCause(CloseToken.kt:21)
	at io.ktor.utils.io.CloseToken.wrapCause$default(CloseToken.kt:16)
	at io.ktor.utils.io.ByteChannel.getClosedCause(ByteChannel.kt:58)
	at io.ktor.utils.io.ByteReadChannelOperationsKt.rethrowCloseCauseIfNeeded(ByteReadChannelOperations.kt:511)
	at io.ktor.utils.io.ByteChannel.flush(ByteChannel.kt:91)
	at io.ktor.utils.io.ByteReadChannelOperationsKt.copyTo(ByteReadChannelOperations.kt:208)
	at io.ktor.utils.io.ByteReadChannelOperationsKt$copyTo$2.invokeSuspend(ByteReadChannelOperations.kt)
	at kotlin.coroutines.jvm.internal.BaseContinuationImpl.resumeWith(ContinuationImpl.kt:33)
	at kotlinx.coroutines.DispatchedTaskKt.resume(DispatchedTask.kt:233)
	at kotlinx.coroutines.DispatchedTaskKt.resumeUnconfined(DispatchedTask.kt:175)
	at kotlinx.coroutines.DispatchedTaskKt.dispatch(DispatchedTask.kt:147)
	at kotlinx.coroutines.CancellableContinuationImpl.dispatchResume(CancellableContinuationImpl.kt:470)
	at kotlinx.coroutines.CancellableContinuationImpl.resumeImpl$kotlinx_coroutines_core(CancellableContinuationImpl.kt:504)
	at kotlinx.coroutines.CancellableContinuationImpl.resumeImpl$kotlinx_coroutines_core$default(CancellableContinuationImpl.kt:493)
	at kotlinx.coroutines.CancellableContinuationImpl.resumeWith(CancellableContinuationImpl.kt:359)
	at io.ktor.utils.io.ByteChannel$Slot$Task$DefaultImpls.resume(ByteChannel.kt:235)
	at io.ktor.utils.io.ByteChannel$Slot$Read.resume(ByteChannel.kt:241)
	at io.ktor.utils.io.ByteChannel.flushWriteBuffer(ByteChannel.kt:388)
	at io.ktor.utils.io.ByteChannel.flush(ByteChannel.kt:93)
	at io.ktor.utils.io.ByteWriteChannelOperations_jvmKt.writeFully(ByteWriteChannelOperations.jvm.kt:21)
	at io.ktor.util.DeflaterKt.deflateWhile(Deflater.kt:52)
	at io.ktor.util.DeflaterKt.deflateTo(Deflater.kt:82)
	at io.ktor.util.DeflaterKt.access$deflateTo(Deflater.kt:1)
	at io.ktor.util.DeflaterKt$deflated$1.invokeSuspend(Deflater.kt:112)
	at io.ktor.util.DeflaterKt$deflated$1.invoke(Deflater.kt)
	at io.ktor.util.DeflaterKt$deflated$1.invoke(Deflater.kt)
	at io.ktor.utils.io.ByteWriteChannelOperationsKt$writer$job$1.invokeSuspend(ByteWriteChannelOperations.kt:173)
	at kotlin.coroutines.jvm.internal.BaseContinuationImpl.resumeWith(ContinuationImpl.kt:33)
	at kotlinx.coroutines.DispatchedTask.run(DispatchedTask.kt:100)
	at kotlinx.coroutines.scheduling.CoroutineScheduler.runSafely(CoroutineScheduler.kt:586)
	at kotlinx.coroutines.scheduling.CoroutineScheduler$Worker.executeTask(CoroutineScheduler.kt:829)
	at kotlinx.coroutines.scheduling.CoroutineScheduler$Worker.runWorker(CoroutineScheduler.kt:717)
	at kotlinx.coroutines.scheduling.CoroutineScheduler$Worker.run(CoroutineScheduler.kt:704)
Caused by: io.ktor.util.cio.ChannelWriteException: Cannot write to channel
	at io.ktor.server.netty.cio.NettyHttpResponsePipeline.respondWithFailure(NettyHttpResponsePipeline.kt:100)
	at io.ktor.server.netty.cio.NettyHttpResponsePipeline.respondWithBodyAndTrailerMessage(NettyHttpResponsePipeline.kt:253)
	at io.ktor.server.netty.cio.NettyHttpResponsePipeline.access$respondWithBodyAndTrailerMessage(NettyHttpResponsePipeline.kt:24)
	at io.ktor.server.netty.cio.NettyHttpResponsePipeline$respondWithBodyAndTrailerMessage$1.invokeSuspend(NettyHttpResponsePipeline.kt)
	at kotlin.coroutines.jvm.internal.BaseContinuationImpl.resumeWith(ContinuationImpl.kt:33)
	at kotlinx.coroutines.DispatchedTask.run(DispatchedTask.kt:100)
	at io.netty.util.concurrent.AbstractEventExecutor.runTask(AbstractEventExecutor.java:173)
	at io.netty.util.concurrent.AbstractEventExecutor.safeExecute(AbstractEventExecutor.java:166)
	at io.netty.util.concurrent.SingleThreadEventExecutor.runAllTasks(SingleThreadEventExecutor.java:472)
	at io.netty.channel.nio.NioEventLoop.run(NioEventLoop.java:569)
	at io.netty.util.concurrent.SingleThreadEventExecutor$4.run(SingleThreadEventExecutor.java:997)
	at io.netty.util.internal.ThreadExecutorMap$2.run(ThreadExecutorMap.java:74)
	at io.netty.util.concurrent.FastThreadLocalRunnable.run(FastThreadLocalRunnable.java:30)
	at java.base/java.lang.Thread.run(Thread.java:1583)
Caused by: io.netty.channel.StacklessClosedChannelException
	at io.netty.channel.AbstractChannel$AbstractUnsafe.write(Object, ChannelPromise)(Unknown Source)

2025-05-01 23:55:52.118 [DefaultDispatcher-worker-7] DEBUG io.ktor.server.Application - Client connected and is requesting kobweb status events.
2025-05-01 23:55:52.229 [eventLoopGroupProxy-4-1] DEBUG io.ktor.server.Application - Served fallback index.html file in response to "/admin"
2025-05-01 23:55:52.899 [DefaultDispatcher-worker-2] DEBUG io.ktor.server.Application - Client connected and is requesting kobweb status events.
2025-05-01 23:55:53.001 [eventLoopGroupProxy-4-4] DEBUG io.ktor.server.Application - Served fallback index.html file in response to "/admin/login"
2025-05-01 23:55:53.646 [DefaultDispatcher-worker-2] DEBUG io.ktor.server.Application - Client connected and is requesting kobweb status events.
2025-05-01 23:55:53.741 [eventLoopGroupProxy-4-7] DEBUG io.ktor.server.Application - Served fallback index.html file in response to "/admin/mypost"
2025-05-01 23:55:54.407 [DefaultDispatcher-worker-9] DEBUG io.ktor.server.Application - Client connected and is requesting kobweb status events.
2025-05-01 23:55:54.507 [eventLoopGroupProxy-4-10] DEBUG io.ktor.server.Application - Served fallback index.html file in response to "/admin/success"
2025-05-01 23:55:55.198 [DefaultDispatcher-worker-7] DEBUG io.ktor.server.Application - Client connected and is requesting kobweb status events.
2025-05-01 23:55:55.264 [eventLoopGroupProxy-4-3] DEBUG io.ktor.server.Application - Served fallback index.html file in response to "/post/post"
2025-05-01 23:55:55.915 [DefaultDispatcher-worker-1] DEBUG io.ktor.server.Application - Client connected and is requesting kobweb status events.
2025-05-01 23:55:56.012 [eventLoopGroupProxy-4-6] DEBUG io.ktor.server.Application - Served fallback index.html file in response to "/search/query"
2025-05-01 23:55:56.663 [DefaultDispatcher-worker-9] DEBUG io.ktor.server.Application - Client connected and is requesting kobweb status events.
2025-05-01 23:56:51.251 [DefaultDispatcher-worker-3] DEBUG io.ktor.server.Application - Stopped sending kobweb status events, probably because client disconnected or server is shutting down. (JobCancellationException: Parent job is Cancelling)
2025-05-01 23:56:51.260 [eventLoopGroupProxy-4-6] DEBUG io.ktor.server.Application - 200 OK: GET - /api/kobweb-status. Exception class kotlinx.coroutines.JobCancellationException: Parent job is Cancelling
kotlinx.coroutines.JobCancellationException: Parent job is Cancelling
Caused by: io.ktor.utils.io.ClosedWriteChannelException: Cannot write to channel
	at io.ktor.utils.io.ByteChannel$writeBuffer$1.invoke(ByteChannel.kt:51)
	at io.ktor.utils.io.ByteChannel$writeBuffer$1.invoke(ByteChannel.kt:51)
	at io.ktor.utils.io.CloseToken.wrapCause(CloseToken.kt:21)
	at io.ktor.utils.io.CloseToken.throwOrNull(CloseToken.kt:26)
	at io.ktor.utils.io.ByteChannel.getWriteBuffer(ByteChannel.kt:51)
	at io.ktor.utils.io.ByteWriteChannelOperationsKt.writeStringUtf8(ByteWriteChannelOperations.kt:96)
	at io.ktor.server.sse.DefaultServerSSESession.writeSSE(DefaultServerSSESession.kt:34)
	at io.ktor.server.sse.DefaultServerSSESession.send(DefaultServerSSESession.kt:22)
	at io.ktor.server.sse.ServerSSESessionKt$heartbeat$2.invokeSuspend(ServerSSESession.kt:170)
	at kotlin.coroutines.jvm.internal.BaseContinuationImpl.resumeWith(ContinuationImpl.kt:33)
	at kotlinx.coroutines.DispatchedTask.run(DispatchedTask.kt:100)
	at kotlinx.coroutines.internal.LimitedDispatcher$Worker.run(LimitedDispatcher.kt:113)
	at kotlinx.coroutines.scheduling.TaskImpl.run(Tasks.kt:89)
	at kotlinx.coroutines.scheduling.CoroutineScheduler.runSafely(CoroutineScheduler.kt:586)
	at kotlinx.coroutines.scheduling.CoroutineScheduler$Worker.executeTask(CoroutineScheduler.kt:820)
	at kotlinx.coroutines.scheduling.CoroutineScheduler$Worker.runWorker(CoroutineScheduler.kt:717)
	at kotlinx.coroutines.scheduling.CoroutineScheduler$Worker.run(CoroutineScheduler.kt:704)
Caused by: io.ktor.util.cio.ChannelWriteException: Cannot write to channel
	at io.ktor.server.netty.cio.NettyHttpResponsePipeline.respondWithFailure(NettyHttpResponsePipeline.kt:100)
	at io.ktor.server.netty.cio.NettyHttpResponsePipeline.respondWithBodyAndTrailerMessage(NettyHttpResponsePipeline.kt:253)
	at io.ktor.server.netty.cio.NettyHttpResponsePipeline.access$respondWithBodyAndTrailerMessage(NettyHttpResponsePipeline.kt:24)
	at io.ktor.server.netty.cio.NettyHttpResponsePipeline$respondWithBodyAndTrailerMessage$1.invokeSuspend(NettyHttpResponsePipeline.kt)
	at kotlin.coroutines.jvm.internal.BaseContinuationImpl.resumeWith(ContinuationImpl.kt:33)
	at kotlinx.coroutines.DispatchedTask.run(DispatchedTask.kt:100)
	at io.netty.util.concurrent.AbstractEventExecutor.runTask(AbstractEventExecutor.java:173)
	at io.netty.util.concurrent.AbstractEventExecutor.safeExecute(AbstractEventExecutor.java:166)
	at io.netty.util.concurrent.SingleThreadEventExecutor.runAllTasks(SingleThreadEventExecutor.java:472)
	at io.netty.channel.nio.NioEventLoop.run(NioEventLoop.java:569)
	at io.netty.util.concurrent.SingleThreadEventExecutor$4.run(SingleThreadEventExecutor.java:997)
	at io.netty.util.internal.ThreadExecutorMap$2.run(ThreadExecutorMap.java:74)
	at io.netty.util.concurrent.FastThreadLocalRunnable.run(FastThreadLocalRunnable.java:30)
	at java.base/java.lang.Thread.run(Thread.java:1583)
Caused by: io.netty.channel.StacklessClosedChannelException: null
	at io.netty.channel.AbstractChannel$AbstractUnsafe.write(Object, ChannelPromise)(Unknown Source)
2025-05-01 23:56:52.145 [DefaultDispatcher-worker-6] DEBUG io.ktor.server.Application - Stopped sending kobweb status events, probably because client disconnected or server is shutting down. (JobCancellationException: Parent job is Cancelling)
2025-05-01 23:56:52.149 [eventLoopGroupProxy-4-10] DEBUG io.ktor.server.Application - 200 OK: GET - /api/kobweb-status. Exception class kotlinx.coroutines.JobCancellationException: Parent job is Cancelling
kotlinx.coroutines.JobCancellationException: Parent job is Cancelling
Caused by: io.ktor.utils.io.ClosedWriteChannelException: Cannot write to channel
	at io.ktor.utils.io.ByteChannel$writeBuffer$1.invoke(ByteChannel.kt:51)
	at io.ktor.utils.io.ByteChannel$writeBuffer$1.invoke(ByteChannel.kt:51)
	at io.ktor.utils.io.CloseToken.wrapCause(CloseToken.kt:21)
	at io.ktor.utils.io.CloseToken.throwOrNull(CloseToken.kt:26)
	at io.ktor.utils.io.ByteChannel.getWriteBuffer(ByteChannel.kt:51)
	at io.ktor.utils.io.ByteWriteChannelOperationsKt.writeStringUtf8(ByteWriteChannelOperations.kt:96)
	at io.ktor.server.sse.DefaultServerSSESession.writeSSE(DefaultServerSSESession.kt:34)
	at io.ktor.server.sse.DefaultServerSSESession.send(DefaultServerSSESession.kt:22)
	at io.ktor.server.sse.ServerSSESessionKt$heartbeat$2.invokeSuspend(ServerSSESession.kt:170)
	at kotlin.coroutines.jvm.internal.BaseContinuationImpl.resumeWith(ContinuationImpl.kt:33)
	at kotlinx.coroutines.DispatchedTask.run(DispatchedTask.kt:100)
	at kotlinx.coroutines.internal.LimitedDispatcher$Worker.run(LimitedDispatcher.kt:113)
	at kotlinx.coroutines.scheduling.TaskImpl.run(Tasks.kt:89)
	at kotlinx.coroutines.scheduling.CoroutineScheduler.runSafely(CoroutineScheduler.kt:586)
	at kotlinx.coroutines.scheduling.CoroutineScheduler$Worker.executeTask(CoroutineScheduler.kt:820)
	at kotlinx.coroutines.scheduling.CoroutineScheduler$Worker.runWorker(CoroutineScheduler.kt:717)
	at kotlinx.coroutines.scheduling.CoroutineScheduler$Worker.run(CoroutineScheduler.kt:704)
Caused by: io.ktor.util.cio.ChannelWriteException: Cannot write to channel
	at io.ktor.server.netty.cio.NettyHttpResponsePipeline.respondWithFailure(NettyHttpResponsePipeline.kt:100)
	at io.ktor.server.netty.cio.NettyHttpResponsePipeline.respondWithBodyAndTrailerMessage(NettyHttpResponsePipeline.kt:253)
	at io.ktor.server.netty.cio.NettyHttpResponsePipeline.access$respondWithBodyAndTrailerMessage(NettyHttpResponsePipeline.kt:24)
	at io.ktor.server.netty.cio.NettyHttpResponsePipeline$respondWithBodyAndTrailerMessage$1.invokeSuspend(NettyHttpResponsePipeline.kt)
	at kotlin.coroutines.jvm.internal.BaseContinuationImpl.resumeWith(ContinuationImpl.kt:33)
	at kotlinx.coroutines.DispatchedTask.run(DispatchedTask.kt:100)
	at io.netty.util.concurrent.AbstractEventExecutor.runTask(AbstractEventExecutor.java:173)
	at io.netty.util.concurrent.AbstractEventExecutor.safeExecute(AbstractEventExecutor.java:166)
	at io.netty.util.concurrent.SingleThreadEventExecutor.runAllTasks(SingleThreadEventExecutor.java:472)
	at io.netty.channel.nio.NioEventLoop.run(NioEventLoop.java:569)
	at io.netty.util.concurrent.SingleThreadEventExecutor$4.run(SingleThreadEventExecutor.java:997)
	at io.netty.util.internal.ThreadExecutorMap$2.run(ThreadExecutorMap.java:74)
	at io.netty.util.concurrent.FastThreadLocalRunnable.run(FastThreadLocalRunnable.java:30)
	at java.base/java.lang.Thread.run(Thread.java:1583)
Caused by: io.netty.channel.StacklessClosedChannelException: null
	at io.netty.channel.AbstractChannel$AbstractUnsafe.write(Object, ChannelPromise)(Unknown Source)
2025-05-01 23:56:52.922 [DefaultDispatcher-worker-2] DEBUG io.ktor.server.Application - Stopped sending kobweb status events, probably because client disconnected or server is shutting down. (JobCancellationException: Parent job is Cancelling)
2025-05-01 23:56:52.924 [eventLoopGroupProxy-4-3] DEBUG io.ktor.server.Application - 200 OK: GET - /api/kobweb-status. Exception class kotlinx.coroutines.JobCancellationException: Parent job is Cancelling
kotlinx.coroutines.JobCancellationException: Parent job is Cancelling
Caused by: io.ktor.utils.io.ClosedWriteChannelException: Cannot write to channel
	at io.ktor.utils.io.ByteChannel$writeBuffer$1.invoke(ByteChannel.kt:51)
	at io.ktor.utils.io.ByteChannel$writeBuffer$1.invoke(ByteChannel.kt:51)
	at io.ktor.utils.io.CloseToken.wrapCause(CloseToken.kt:21)
	at io.ktor.utils.io.CloseToken.throwOrNull(CloseToken.kt:26)
	at io.ktor.utils.io.ByteChannel.getWriteBuffer(ByteChannel.kt:51)
	at io.ktor.utils.io.ByteWriteChannelOperationsKt.writeStringUtf8(ByteWriteChannelOperations.kt:96)
	at io.ktor.server.sse.DefaultServerSSESession.writeSSE(DefaultServerSSESession.kt:34)
	at io.ktor.server.sse.DefaultServerSSESession.send(DefaultServerSSESession.kt:22)
	at io.ktor.server.sse.ServerSSESessionKt$heartbeat$2.invokeSuspend(ServerSSESession.kt:170)
	at kotlin.coroutines.jvm.internal.BaseContinuationImpl.resumeWith(ContinuationImpl.kt:33)
	at kotlinx.coroutines.DispatchedTask.run(DispatchedTask.kt:100)
	at kotlinx.coroutines.internal.LimitedDispatcher$Worker.run(LimitedDispatcher.kt:113)
	at kotlinx.coroutines.scheduling.TaskImpl.run(Tasks.kt:89)
	at kotlinx.coroutines.scheduling.CoroutineScheduler.runSafely(CoroutineScheduler.kt:586)
	at kotlinx.coroutines.scheduling.CoroutineScheduler$Worker.executeTask(CoroutineScheduler.kt:820)
	at kotlinx.coroutines.scheduling.CoroutineScheduler$Worker.runWorker(CoroutineScheduler.kt:717)
	at kotlinx.coroutines.scheduling.CoroutineScheduler$Worker.run(CoroutineScheduler.kt:704)
Caused by: io.ktor.util.cio.ChannelWriteException: Cannot write to channel
	at io.ktor.server.netty.cio.NettyHttpResponsePipeline.respondWithFailure(NettyHttpResponsePipeline.kt:100)
	at io.ktor.server.netty.cio.NettyHttpResponsePipeline.respondWithBodyAndTrailerMessage(NettyHttpResponsePipeline.kt:253)
	at io.ktor.server.netty.cio.NettyHttpResponsePipeline.access$respondWithBodyAndTrailerMessage(NettyHttpResponsePipeline.kt:24)
	at io.ktor.server.netty.cio.NettyHttpResponsePipeline$respondWithBodyAndTrailerMessage$1.invokeSuspend(NettyHttpResponsePipeline.kt)
	at kotlin.coroutines.jvm.internal.BaseContinuationImpl.resumeWith(ContinuationImpl.kt:33)
	at kotlinx.coroutines.DispatchedTask.run(DispatchedTask.kt:100)
	at io.netty.util.concurrent.AbstractEventExecutor.runTask(AbstractEventExecutor.java:173)
	at io.netty.util.concurrent.AbstractEventExecutor.safeExecute(AbstractEventExecutor.java:166)
	at io.netty.util.concurrent.SingleThreadEventExecutor.runAllTasks(SingleThreadEventExecutor.java:472)
	at io.netty.channel.nio.NioEventLoop.run(NioEventLoop.java:569)
	at io.netty.util.concurrent.SingleThreadEventExecutor$4.run(SingleThreadEventExecutor.java:997)
	at io.netty.util.internal.ThreadExecutorMap$2.run(ThreadExecutorMap.java:74)
	at io.netty.util.concurrent.FastThreadLocalRunnable.run(FastThreadLocalRunnable.java:30)
	at java.base/java.lang.Thread.run(Thread.java:1583)
Caused by: io.netty.channel.StacklessClosedChannelException: null
	at io.netty.channel.AbstractChannel$AbstractUnsafe.write(Object, ChannelPromise)(Unknown Source)
2025-05-01 23:56:53.670 [DefaultDispatcher-worker-3] DEBUG io.ktor.server.Application - Stopped sending kobweb status events, probably because client disconnected or server is shutting down. (JobCancellationException: Parent job is Cancelling)
2025-05-01 23:56:53.672 [eventLoopGroupProxy-4-6] DEBUG io.ktor.server.Application - 200 OK: GET - /api/kobweb-status. Exception class kotlinx.coroutines.JobCancellationException: Parent job is Cancelling
kotlinx.coroutines.JobCancellationException: Parent job is Cancelling
Caused by: io.ktor.utils.io.ClosedWriteChannelException: Cannot write to channel
	at io.ktor.utils.io.ByteChannel$writeBuffer$1.invoke(ByteChannel.kt:51)
	at io.ktor.utils.io.ByteChannel$writeBuffer$1.invoke(ByteChannel.kt:51)
	at io.ktor.utils.io.CloseToken.wrapCause(CloseToken.kt:21)
	at io.ktor.utils.io.CloseToken.throwOrNull(CloseToken.kt:26)
	at io.ktor.utils.io.ByteChannel.getWriteBuffer(ByteChannel.kt:51)
	at io.ktor.utils.io.ByteWriteChannelOperationsKt.writeStringUtf8(ByteWriteChannelOperations.kt:96)
	at io.ktor.server.sse.DefaultServerSSESession.writeSSE(DefaultServerSSESession.kt:34)
	at io.ktor.server.sse.DefaultServerSSESession.send(DefaultServerSSESession.kt:22)
	at io.ktor.server.sse.ServerSSESessionKt$heartbeat$2.invokeSuspend(ServerSSESession.kt:170)
	at kotlin.coroutines.jvm.internal.BaseContinuationImpl.resumeWith(ContinuationImpl.kt:33)
	at kotlinx.coroutines.DispatchedTask.run(DispatchedTask.kt:100)
	at kotlinx.coroutines.internal.LimitedDispatcher$Worker.run(LimitedDispatcher.kt:113)
	at kotlinx.coroutines.scheduling.TaskImpl.run(Tasks.kt:89)
	at kotlinx.coroutines.scheduling.CoroutineScheduler.runSafely(CoroutineScheduler.kt:586)
	at kotlinx.coroutines.scheduling.CoroutineScheduler$Worker.executeTask(CoroutineScheduler.kt:820)
	at kotlinx.coroutines.scheduling.CoroutineScheduler$Worker.runWorker(CoroutineScheduler.kt:717)
	at kotlinx.coroutines.scheduling.CoroutineScheduler$Worker.run(CoroutineScheduler.kt:704)
Caused by: io.ktor.util.cio.ChannelWriteException: Cannot write to channel
	at io.ktor.server.netty.cio.NettyHttpResponsePipeline.respondWithFailure(NettyHttpResponsePipeline.kt:100)
	at io.ktor.server.netty.cio.NettyHttpResponsePipeline.respondWithBodyAndTrailerMessage(NettyHttpResponsePipeline.kt:253)
	at io.ktor.server.netty.cio.NettyHttpResponsePipeline.access$respondWithBodyAndTrailerMessage(NettyHttpResponsePipeline.kt:24)
	at io.ktor.server.netty.cio.NettyHttpResponsePipeline$respondWithBodyAndTrailerMessage$1.invokeSuspend(NettyHttpResponsePipeline.kt)
	at kotlin.coroutines.jvm.internal.BaseContinuationImpl.resumeWith(ContinuationImpl.kt:33)
	at kotlinx.coroutines.DispatchedTask.run(DispatchedTask.kt:100)
	at io.netty.util.concurrent.AbstractEventExecutor.runTask(AbstractEventExecutor.java:173)
	at io.netty.util.concurrent.AbstractEventExecutor.safeExecute(AbstractEventExecutor.java:166)
	at io.netty.util.concurrent.SingleThreadEventExecutor.runAllTasks(SingleThreadEventExecutor.java:472)
	at io.netty.channel.nio.NioEventLoop.run(NioEventLoop.java:569)
	at io.netty.util.concurrent.SingleThreadEventExecutor$4.run(SingleThreadEventExecutor.java:997)
	at io.netty.util.internal.ThreadExecutorMap$2.run(ThreadExecutorMap.java:74)
	at io.netty.util.concurrent.FastThreadLocalRunnable.run(FastThreadLocalRunnable.java:30)
	at java.base/java.lang.Thread.run(Thread.java:1583)
Caused by: io.netty.channel.StacklessClosedChannelException: null
	at io.netty.channel.AbstractChannel$AbstractUnsafe.write(Object, ChannelPromise)(Unknown Source)
2025-05-01 23:56:54.428 [DefaultDispatcher-worker-1] DEBUG io.ktor.server.Application - Stopped sending kobweb status events, probably because client disconnected or server is shutting down. (JobCancellationException: Parent job is Cancelling)
2025-05-01 23:56:54.431 [eventLoopGroupProxy-4-9] DEBUG io.ktor.server.Application - 200 OK: GET - /api/kobweb-status. Exception class kotlinx.coroutines.JobCancellationException: Parent job is Cancelling
kotlinx.coroutines.JobCancellationException: Parent job is Cancelling
Caused by: io.ktor.utils.io.ClosedWriteChannelException: Cannot write to channel
	at io.ktor.utils.io.ByteChannel$writeBuffer$1.invoke(ByteChannel.kt:51)
	at io.ktor.utils.io.ByteChannel$writeBuffer$1.invoke(ByteChannel.kt:51)
	at io.ktor.utils.io.CloseToken.wrapCause(CloseToken.kt:21)
	at io.ktor.utils.io.CloseToken.throwOrNull(CloseToken.kt:26)
	at io.ktor.utils.io.ByteChannel.getWriteBuffer(ByteChannel.kt:51)
	at io.ktor.utils.io.ByteWriteChannelOperationsKt.writeStringUtf8(ByteWriteChannelOperations.kt:96)
	at io.ktor.server.sse.DefaultServerSSESession.writeSSE(DefaultServerSSESession.kt:34)
	at io.ktor.server.sse.DefaultServerSSESession.send(DefaultServerSSESession.kt:22)
	at io.ktor.server.sse.ServerSSESessionKt$heartbeat$2.invokeSuspend(ServerSSESession.kt:170)
	at kotlin.coroutines.jvm.internal.BaseContinuationImpl.resumeWith(ContinuationImpl.kt:33)
	at kotlinx.coroutines.DispatchedTask.run(DispatchedTask.kt:100)
	at kotlinx.coroutines.internal.LimitedDispatcher$Worker.run(LimitedDispatcher.kt:113)
	at kotlinx.coroutines.scheduling.TaskImpl.run(Tasks.kt:89)
	at kotlinx.coroutines.scheduling.CoroutineScheduler.runSafely(CoroutineScheduler.kt:586)
	at kotlinx.coroutines.scheduling.CoroutineScheduler$Worker.executeTask(CoroutineScheduler.kt:820)
	at kotlinx.coroutines.scheduling.CoroutineScheduler$Worker.runWorker(CoroutineScheduler.kt:717)
	at kotlinx.coroutines.scheduling.CoroutineScheduler$Worker.run(CoroutineScheduler.kt:704)
Caused by: io.ktor.util.cio.ChannelWriteException: Cannot write to channel
	at io.ktor.server.netty.cio.NettyHttpResponsePipeline.respondWithFailure(NettyHttpResponsePipeline.kt:100)
	at io.ktor.server.netty.cio.NettyHttpResponsePipeline.respondWithBodyAndTrailerMessage(NettyHttpResponsePipeline.kt:253)
	at io.ktor.server.netty.cio.NettyHttpResponsePipeline.access$respondWithBodyAndTrailerMessage(NettyHttpResponsePipeline.kt:24)
	at io.ktor.server.netty.cio.NettyHttpResponsePipeline$respondWithBodyAndTrailerMessage$1.invokeSuspend(NettyHttpResponsePipeline.kt)
	at kotlin.coroutines.jvm.internal.BaseContinuationImpl.resumeWith(ContinuationImpl.kt:33)
	at kotlinx.coroutines.DispatchedTask.run(DispatchedTask.kt:100)
	at io.netty.util.concurrent.AbstractEventExecutor.runTask(AbstractEventExecutor.java:173)
	at io.netty.util.concurrent.AbstractEventExecutor.safeExecute(AbstractEventExecutor.java:166)
	at io.netty.util.concurrent.SingleThreadEventExecutor.runAllTasks(SingleThreadEventExecutor.java:472)
	at io.netty.channel.nio.NioEventLoop.run(NioEventLoop.java:569)
	at io.netty.util.concurrent.SingleThreadEventExecutor$4.run(SingleThreadEventExecutor.java:997)
	at io.netty.util.internal.ThreadExecutorMap$2.run(ThreadExecutorMap.java:74)
	at io.netty.util.concurrent.FastThreadLocalRunnable.run(FastThreadLocalRunnable.java:30)
	at java.base/java.lang.Thread.run(Thread.java:1583)
Caused by: io.netty.channel.StacklessClosedChannelException: null
	at io.netty.channel.AbstractChannel$AbstractUnsafe.write(Object, ChannelPromise)(Unknown Source)
2025-05-01 23:56:55.224 [DefaultDispatcher-worker-6] DEBUG io.ktor.server.Application - Stopped sending kobweb status events, probably because client disconnected or server is shutting down. (JobCancellationException: Parent job is Cancelling)
2025-05-01 23:56:55.231 [eventLoopGroupProxy-4-2] DEBUG io.ktor.server.Application - 200 OK: GET - /api/kobweb-status. Exception class kotlinx.coroutines.JobCancellationException: Parent job is Cancelling
kotlinx.coroutines.JobCancellationException: Parent job is Cancelling
Caused by: io.ktor.utils.io.ClosedWriteChannelException: Cannot write to channel
	at io.ktor.utils.io.ByteChannel$writeBuffer$1.invoke(ByteChannel.kt:51)
	at io.ktor.utils.io.ByteChannel$writeBuffer$1.invoke(ByteChannel.kt:51)
	at io.ktor.utils.io.CloseToken.wrapCause(CloseToken.kt:21)
	at io.ktor.utils.io.CloseToken.throwOrNull(CloseToken.kt:26)
	at io.ktor.utils.io.ByteChannel.getWriteBuffer(ByteChannel.kt:51)
	at io.ktor.utils.io.ByteWriteChannelOperationsKt.writeStringUtf8(ByteWriteChannelOperations.kt:96)
	at io.ktor.server.sse.DefaultServerSSESession.writeSSE(DefaultServerSSESession.kt:34)
	at io.ktor.server.sse.DefaultServerSSESession.send(DefaultServerSSESession.kt:22)
	at io.ktor.server.sse.ServerSSESessionKt$heartbeat$2.invokeSuspend(ServerSSESession.kt:170)
	at kotlin.coroutines.jvm.internal.BaseContinuationImpl.resumeWith(ContinuationImpl.kt:33)
	at kotlinx.coroutines.DispatchedTask.run(DispatchedTask.kt:100)
	at kotlinx.coroutines.internal.LimitedDispatcher$Worker.run(LimitedDispatcher.kt:113)
	at kotlinx.coroutines.scheduling.TaskImpl.run(Tasks.kt:89)
	at kotlinx.coroutines.scheduling.CoroutineScheduler.runSafely(CoroutineScheduler.kt:586)
	at kotlinx.coroutines.scheduling.CoroutineScheduler$Worker.executeTask(CoroutineScheduler.kt:820)
	at kotlinx.coroutines.scheduling.CoroutineScheduler$Worker.runWorker(CoroutineScheduler.kt:717)
	at kotlinx.coroutines.scheduling.CoroutineScheduler$Worker.run(CoroutineScheduler.kt:704)
Caused by: io.ktor.util.cio.ChannelWriteException: Cannot write to channel
	at io.ktor.server.netty.cio.NettyHttpResponsePipeline.respondWithFailure(NettyHttpResponsePipeline.kt:100)
	at io.ktor.server.netty.cio.NettyHttpResponsePipeline.respondWithBodyAndTrailerMessage(NettyHttpResponsePipeline.kt:253)
	at io.ktor.server.netty.cio.NettyHttpResponsePipeline.access$respondWithBodyAndTrailerMessage(NettyHttpResponsePipeline.kt:24)
	at io.ktor.server.netty.cio.NettyHttpResponsePipeline$respondWithBodyAndTrailerMessage$1.invokeSuspend(NettyHttpResponsePipeline.kt)
	at kotlin.coroutines.jvm.internal.BaseContinuationImpl.resumeWith(ContinuationImpl.kt:33)
	at kotlinx.coroutines.DispatchedTask.run(DispatchedTask.kt:100)
	at io.netty.util.concurrent.AbstractEventExecutor.runTask(AbstractEventExecutor.java:173)
	at io.netty.util.concurrent.AbstractEventExecutor.safeExecute(AbstractEventExecutor.java:166)
	at io.netty.util.concurrent.SingleThreadEventExecutor.runAllTasks(SingleThreadEventExecutor.java:472)
	at io.netty.channel.nio.NioEventLoop.run(NioEventLoop.java:569)
	at io.netty.util.concurrent.SingleThreadEventExecutor$4.run(SingleThreadEventExecutor.java:997)
	at io.netty.util.internal.ThreadExecutorMap$2.run(ThreadExecutorMap.java:74)
	at io.netty.util.concurrent.FastThreadLocalRunnable.run(FastThreadLocalRunnable.java:30)
	at java.base/java.lang.Thread.run(Thread.java:1583)
Caused by: io.netty.channel.StacklessClosedChannelException: null
	at io.netty.channel.AbstractChannel$AbstractUnsafe.write(Object, ChannelPromise)(Unknown Source)
2025-05-01 23:56:55.941 [DefaultDispatcher-worker-1] DEBUG io.ktor.server.Application - Stopped sending kobweb status events, probably because client disconnected or server is shutting down. (JobCancellationException: Parent job is Cancelling)
2025-05-01 23:56:55.945 [eventLoopGroupProxy-4-5] DEBUG io.ktor.server.Application - 200 OK: GET - /api/kobweb-status. Exception class kotlinx.coroutines.JobCancellationException: Parent job is Cancelling
kotlinx.coroutines.JobCancellationException: Parent job is Cancelling
Caused by: io.ktor.utils.io.ClosedWriteChannelException: Cannot write to channel
	at io.ktor.utils.io.ByteChannel$writeBuffer$1.invoke(ByteChannel.kt:51)
	at io.ktor.utils.io.ByteChannel$writeBuffer$1.invoke(ByteChannel.kt:51)
	at io.ktor.utils.io.CloseToken.wrapCause(CloseToken.kt:21)
	at io.ktor.utils.io.CloseToken.throwOrNull(CloseToken.kt:26)
	at io.ktor.utils.io.ByteChannel.getWriteBuffer(ByteChannel.kt:51)
	at io.ktor.utils.io.ByteWriteChannelOperationsKt.writeStringUtf8(ByteWriteChannelOperations.kt:96)
	at io.ktor.server.sse.DefaultServerSSESession.writeSSE(DefaultServerSSESession.kt:34)
	at io.ktor.server.sse.DefaultServerSSESession.send(DefaultServerSSESession.kt:22)
	at io.ktor.server.sse.ServerSSESessionKt$heartbeat$2.invokeSuspend(ServerSSESession.kt:170)
	at kotlin.coroutines.jvm.internal.BaseContinuationImpl.resumeWith(ContinuationImpl.kt:33)
	at kotlinx.coroutines.DispatchedTask.run(DispatchedTask.kt:100)
	at kotlinx.coroutines.internal.LimitedDispatcher$Worker.run(LimitedDispatcher.kt:113)
	at kotlinx.coroutines.scheduling.TaskImpl.run(Tasks.kt:89)
	at kotlinx.coroutines.scheduling.CoroutineScheduler.runSafely(CoroutineScheduler.kt:586)
	at kotlinx.coroutines.scheduling.CoroutineScheduler$Worker.executeTask(CoroutineScheduler.kt:820)
	at kotlinx.coroutines.scheduling.CoroutineScheduler$Worker.runWorker(CoroutineScheduler.kt:717)
	at kotlinx.coroutines.scheduling.CoroutineScheduler$Worker.run(CoroutineScheduler.kt:704)
Caused by: io.ktor.util.cio.ChannelWriteException: Cannot write to channel
	at io.ktor.server.netty.cio.NettyHttpResponsePipeline.respondWithFailure(NettyHttpResponsePipeline.kt:100)
	at io.ktor.server.netty.cio.NettyHttpResponsePipeline.respondWithBodyAndTrailerMessage(NettyHttpResponsePipeline.kt:253)
	at io.ktor.server.netty.cio.NettyHttpResponsePipeline.access$respondWithBodyAndTrailerMessage(NettyHttpResponsePipeline.kt:24)
	at io.ktor.server.netty.cio.NettyHttpResponsePipeline$respondWithBodyAndTrailerMessage$1.invokeSuspend(NettyHttpResponsePipeline.kt)
	at kotlin.coroutines.jvm.internal.BaseContinuationImpl.resumeWith(ContinuationImpl.kt:33)
	at kotlinx.coroutines.DispatchedTask.run(DispatchedTask.kt:100)
	at io.netty.util.concurrent.AbstractEventExecutor.runTask(AbstractEventExecutor.java:173)
	at io.netty.util.concurrent.AbstractEventExecutor.safeExecute(AbstractEventExecutor.java:166)
	at io.netty.util.concurrent.SingleThreadEventExecutor.runAllTasks(SingleThreadEventExecutor.java:472)
	at io.netty.channel.nio.NioEventLoop.run(NioEventLoop.java:569)
	at io.netty.util.concurrent.SingleThreadEventExecutor$4.run(SingleThreadEventExecutor.java:997)
	at io.netty.util.internal.ThreadExecutorMap$2.run(ThreadExecutorMap.java:74)
	at io.netty.util.concurrent.FastThreadLocalRunnable.run(FastThreadLocalRunnable.java:30)
	at java.base/java.lang.Thread.run(Thread.java:1583)
Caused by: io.netty.channel.StacklessClosedChannelException: null
	at io.netty.channel.AbstractChannel$AbstractUnsafe.write(Object, ChannelPromise)(Unknown Source)
2025-05-01 23:56:56.687 [DefaultDispatcher-worker-3] DEBUG io.ktor.server.Application - Stopped sending kobweb status events, probably because client disconnected or server is shutting down. (JobCancellationException: Parent job is Cancelling)
2025-05-01 23:56:56.688 [eventLoopGroupProxy-4-8] DEBUG io.ktor.server.Application - 200 OK: GET - /api/kobweb-status. Exception class kotlinx.coroutines.JobCancellationException: Parent job is Cancelling
kotlinx.coroutines.JobCancellationException: Parent job is Cancelling
Caused by: io.ktor.utils.io.ClosedWriteChannelException: Cannot write to channel
	at io.ktor.utils.io.ByteChannel$writeBuffer$1.invoke(ByteChannel.kt:51)
	at io.ktor.utils.io.ByteChannel$writeBuffer$1.invoke(ByteChannel.kt:51)
	at io.ktor.utils.io.CloseToken.wrapCause(CloseToken.kt:21)
	at io.ktor.utils.io.CloseToken.throwOrNull(CloseToken.kt:26)
	at io.ktor.utils.io.ByteChannel.getWriteBuffer(ByteChannel.kt:51)
	at io.ktor.utils.io.ByteWriteChannelOperationsKt.writeStringUtf8(ByteWriteChannelOperations.kt:96)
	at io.ktor.server.sse.DefaultServerSSESession.writeSSE(DefaultServerSSESession.kt:34)
	at io.ktor.server.sse.DefaultServerSSESession.send(DefaultServerSSESession.kt:22)
	at io.ktor.server.sse.ServerSSESessionKt$heartbeat$2.invokeSuspend(ServerSSESession.kt:170)
	at kotlin.coroutines.jvm.internal.BaseContinuationImpl.resumeWith(ContinuationImpl.kt:33)
	at kotlinx.coroutines.DispatchedTask.run(DispatchedTask.kt:100)
	at kotlinx.coroutines.internal.LimitedDispatcher$Worker.run(LimitedDispatcher.kt:113)
	at kotlinx.coroutines.scheduling.TaskImpl.run(Tasks.kt:89)
	at kotlinx.coroutines.scheduling.CoroutineScheduler.runSafely(CoroutineScheduler.kt:586)
	at kotlinx.coroutines.scheduling.CoroutineScheduler$Worker.executeTask(CoroutineScheduler.kt:820)
	at kotlinx.coroutines.scheduling.CoroutineScheduler$Worker.runWorker(CoroutineScheduler.kt:717)
	at kotlinx.coroutines.scheduling.CoroutineScheduler$Worker.run(CoroutineScheduler.kt:704)
Caused by: io.ktor.util.cio.ChannelWriteException: Cannot write to channel
	at io.ktor.server.netty.cio.NettyHttpResponsePipeline.respondWithFailure(NettyHttpResponsePipeline.kt:100)
	at io.ktor.server.netty.cio.NettyHttpResponsePipeline.respondWithBodyAndTrailerMessage(NettyHttpResponsePipeline.kt:253)
	at io.ktor.server.netty.cio.NettyHttpResponsePipeline.access$respondWithBodyAndTrailerMessage(NettyHttpResponsePipeline.kt:24)
	at io.ktor.server.netty.cio.NettyHttpResponsePipeline$respondWithBodyAndTrailerMessage$1.invokeSuspend(NettyHttpResponsePipeline.kt)
	at kotlin.coroutines.jvm.internal.BaseContinuationImpl.resumeWith(ContinuationImpl.kt:33)
	at kotlinx.coroutines.DispatchedTask.run(DispatchedTask.kt:100)
	at io.netty.util.concurrent.AbstractEventExecutor.runTask(AbstractEventExecutor.java:173)
	at io.netty.util.concurrent.AbstractEventExecutor.safeExecute(AbstractEventExecutor.java:166)
	at io.netty.util.concurrent.SingleThreadEventExecutor.runAllTasks(SingleThreadEventExecutor.java:472)
	at io.netty.channel.nio.NioEventLoop.run(NioEventLoop.java:569)
	at io.netty.util.concurrent.SingleThreadEventExecutor$4.run(SingleThreadEventExecutor.java:997)
	at io.netty.util.internal.ThreadExecutorMap$2.run(ThreadExecutorMap.java:74)
	at io.netty.util.concurrent.FastThreadLocalRunnable.run(FastThreadLocalRunnable.java:30)
	at java.base/java.lang.Thread.run(Thread.java:1583)
Caused by: io.netty.channel.StacklessClosedChannelException: null
	at io.netty.channel.AbstractChannel$AbstractUnsafe.write(Object, ChannelPromise)(Unknown Source)
